<?xml version="1.0" encoding="UTF-8"?>
<coverage generated="1544998859351" clover="3.2.0">
  <project timestamp="1544998859351" name="All files">
    <metrics statements="52" coveredstatements="49" conditionals="18" coveredconditionals="15" methods="25" coveredmethods="21" elements="95" coveredelements="85" complexity="0" loc="52" ncloc="52" packages="9" files="9" classes="9">
      <package name="components.ErrorBoundary">
        <metrics statements="6" coveredstatements="6" conditionals="4" coveredconditionals="3" methods="3" coveredmethods="3"/>
        <file name="index.jsx" path="C:\Work\Mentoring\React\Homework\4_testing\src\components\ErrorBoundary\index.jsx">
          <metrics statements="6" coveredstatements="6" conditionals="4" coveredconditionals="3" methods="3" coveredmethods="3"/>
          <line num="5" count="4" type="stmt"/>
          <line num="6" count="4" type="stmt"/>
          <line num="10" count="1" type="stmt"/>
          <line num="17" count="3" type="cond" truecount="2" falsecount="0"/>
          <line num="18" count="1" type="stmt"/>
          <line num="30" count="2" type="stmt"/>
        </file>
      </package>
      <package name="scenes.App">
        <metrics statements="15" coveredstatements="15" conditionals="4" coveredconditionals="4" methods="4" coveredmethods="4"/>
        <file name="index.js" path="C:\Work\Mentoring\React\Homework\4_testing\src\scenes\App\index.js">
          <metrics statements="15" coveredstatements="15" conditionals="4" coveredconditionals="4" methods="4" coveredmethods="4"/>
          <line num="9" count="2" type="stmt"/>
          <line num="15" count="6" type="stmt"/>
          <line num="16" count="6" type="stmt"/>
          <line num="21" count="6" type="stmt"/>
          <line num="22" count="6" type="stmt"/>
          <line num="26" count="4" type="stmt"/>
          <line num="29" count="4" type="cond" truecount="2" falsecount="0"/>
          <line num="30" count="3" type="stmt"/>
          <line num="32" count="3" type="cond" truecount="2" falsecount="0"/>
          <line num="33" count="2" type="stmt"/>
          <line num="35" count="1" type="stmt"/>
          <line num="37" count="3" type="stmt"/>
          <line num="44" count="1" type="stmt"/>
          <line num="50" count="1" type="stmt"/>
          <line num="71" count="2" type="stmt"/>
        </file>
      </package>
      <package name="scenes.Result">
        <metrics statements="7" coveredstatements="7" conditionals="4" coveredconditionals="4" methods="1" coveredmethods="1"/>
        <file name="index.jsx" path="C:\Work\Mentoring\React\Homework\4_testing\src\scenes\Result\index.jsx">
          <metrics statements="7" coveredstatements="7" conditionals="4" coveredconditionals="4" methods="1" coveredmethods="1"/>
          <line num="8" count="4" type="stmt"/>
          <line num="9" count="4" type="cond" truecount="2" falsecount="0"/>
          <line num="10" count="2" type="cond" truecount="2" falsecount="0"/>
          <line num="11" count="1" type="stmt"/>
          <line num="13" count="1" type="stmt"/>
          <line num="16" count="4" type="stmt"/>
          <line num="24" count="3" type="stmt"/>
        </file>
      </package>
      <package name="scenes.Result.scenes.List">
        <metrics statements="3" coveredstatements="3" conditionals="0" coveredconditionals="0" methods="2" coveredmethods="2"/>
        <file name="index.jsx" path="C:\Work\Mentoring\React\Homework\4_testing\src\scenes\Result\scenes\List\index.jsx">
          <metrics statements="3" coveredstatements="3" conditionals="0" coveredconditionals="0" methods="2" coveredmethods="2"/>
          <line num="7" count="2" type="stmt"/>
          <line num="10" count="2" type="stmt"/>
          <line num="23" count="4" type="stmt"/>
        </file>
      </package>
      <package name="scenes.Search">
        <metrics statements="3" coveredstatements="3" conditionals="0" coveredconditionals="0" methods="2" coveredmethods="2"/>
        <file name="index.jsx" path="C:\Work\Mentoring\React\Homework\4_testing\src\scenes\Search\index.jsx">
          <metrics statements="3" coveredstatements="3" conditionals="0" coveredconditionals="0" methods="2" coveredmethods="2"/>
          <line num="8" count="1" type="stmt"/>
          <line num="9" count="1" type="stmt"/>
          <line num="13" count="1" type="stmt"/>
        </file>
      </package>
      <package name="scenes.Search.scenes.SearchButton">
        <metrics statements="5" coveredstatements="4" conditionals="0" coveredconditionals="0" methods="5" coveredmethods="3"/>
        <file name="index.jsx" path="C:\Work\Mentoring\React\Homework\4_testing\src\scenes\Search\scenes\SearchButton\index.jsx">
          <metrics statements="5" coveredstatements="4" conditionals="0" coveredconditionals="0" methods="5" coveredmethods="3"/>
          <line num="7" count="1" type="stmt"/>
          <line num="8" count="1" type="stmt"/>
          <line num="12" count="0" type="stmt"/>
          <line num="16" count="1" type="stmt"/>
          <line num="20" count="1" type="stmt"/>
        </file>
      </package>
      <package name="scenes.Search.scenes.SearchBy">
        <metrics statements="5" coveredstatements="3" conditionals="4" coveredconditionals="2" methods="5" coveredmethods="3"/>
        <file name="index.jsx" path="C:\Work\Mentoring\React\Homework\4_testing\src\scenes\Search\scenes\SearchBy\index.jsx">
          <metrics statements="5" coveredstatements="3" conditionals="4" coveredconditionals="2" methods="5" coveredmethods="3"/>
          <line num="7" count="2" type="stmt"/>
          <line num="11" count="1" type="stmt"/>
          <line num="16" count="1" type="stmt"/>
          <line num="17" count="0" type="cond" truecount="1" falsecount="1"/>
          <line num="18" count="0" type="cond" truecount="1" falsecount="1"/>
        </file>
      </package>
      <package name="scenes.Status">
        <metrics statements="6" coveredstatements="6" conditionals="2" coveredconditionals="2" methods="1" coveredmethods="1"/>
        <file name="index.jsx" path="C:\Work\Mentoring\React\Homework\4_testing\src\scenes\Status\index.jsx">
          <metrics statements="6" coveredstatements="6" conditionals="2" coveredconditionals="2" methods="1" coveredmethods="1"/>
          <line num="7" count="3" type="stmt"/>
          <line num="10" count="3" type="cond" truecount="2" falsecount="0"/>
          <line num="11" count="1" type="stmt"/>
          <line num="13" count="2" type="stmt"/>
          <line num="16" count="3" type="stmt"/>
          <line num="29" count="3" type="stmt"/>
        </file>
      </package>
      <package name="services">
        <metrics statements="2" coveredstatements="2" conditionals="0" coveredconditionals="0" methods="2" coveredmethods="2"/>
        <file name="index.js" path="C:\Work\Mentoring\React\Homework\4_testing\src\services\index.js">
          <metrics statements="2" coveredstatements="2" conditionals="0" coveredconditionals="0" methods="2" coveredmethods="2"/>
          <line num="3" count="3" type="stmt"/>
          <line num="44" count="2" type="stmt"/>
        </file>
      </package>
    </metrics>
  </project>
</coverage>
