{"C:\\Work\\Mentoring\\React\\Homework\\4_testing\\src\\components\\ErrorBoundary\\index.jsx": {"path":"C:\\Work\\Mentoring\\React\\Homework\\4_testing\\src\\components\\ErrorBoundary\\index.jsx","statementMap":{"0":{"start":{"line":5,"column":2},"end":{"line":5,"column":15}},"1":{"start":{"line":6,"column":2},"end":{"line":6,"column":48}},"2":{"start":{"line":10,"column":2},"end":{"line":13,"column":5}},"3":{"start":{"line":17,"column":2},"end":{"line":28,"column":3}},"4":{"start":{"line":18,"column":3},"end":{"line":27,"column":5}},"5":{"start":{"line":30,"column":2},"end":{"line":30,"column":29}}},"fnMap":{"0":{"name":"(anonymous_0)","decl":{"start":{"line":4,"column":1},"end":{"line":4,"column":2}},"loc":{"start":{"line":4,"column":20},"end":{"line":7,"column":2}},"line":4},"1":{"name":"(anonymous_1)","decl":{"start":{"line":9,"column":1},"end":{"line":9,"column":2}},"loc":{"start":{"line":9,"column":37},"end":{"line":14,"column":2}},"line":9},"2":{"name":"(anonymous_2)","decl":{"start":{"line":16,"column":1},"end":{"line":16,"column":2}},"loc":{"start":{"line":16,"column":10},"end":{"line":31,"column":2}},"line":16}},"branchMap":{"0":{"loc":{"start":{"line":17,"column":2},"end":{"line":28,"column":3}},"type":"if","locations":[{"start":{"line":17,"column":2},"end":{"line":28,"column":3}},{"start":{"line":17,"column":2},"end":{"line":28,"column":3}}],"line":17},"1":{"loc":{"start":{"line":22,"column":7},"end":{"line":22,"column":54}},"type":"binary-expr","locations":[{"start":{"line":22,"column":7},"end":{"line":22,"column":23}},{"start":{"line":22,"column":27},"end":{"line":22,"column":54}}],"line":22}},"s":{"0":4,"1":4,"2":1,"3":3,"4":1,"5":2},"f":{"0":4,"1":1,"2":3},"b":{"0":[1,2],"1":[1,0]},"_coverageSchema":"332fd63041d2c1bcb487cc26dd0d5f7d97098a6c","hash":"16cdaa700dfcb9f55a11ad2defbb9967eff7fff0"}
,"C:\\Work\\Mentoring\\React\\Homework\\4_testing\\src\\scenes\\App\\index.js": {"path":"C:\\Work\\Mentoring\\React\\Homework\\4_testing\\src\\scenes\\App\\index.js","statementMap":{"0":{"start":{"line":9,"column":57},"end":{"line":9,"column":78}},"1":{"start":{"line":15,"column":2},"end":{"line":15,"column":10}},"2":{"start":{"line":16,"column":2},"end":{"line":20,"column":4}},"3":{"start":{"line":21,"column":2},"end":{"line":21,"column":71}},"4":{"start":{"line":22,"column":2},"end":{"line":22,"column":55}},"5":{"start":{"line":26,"column":2},"end":{"line":28,"column":5}},"6":{"start":{"line":29,"column":2},"end":{"line":40,"column":3}},"7":{"start":{"line":30,"column":19},"end":{"line":30,"column":34}},"8":{"start":{"line":32,"column":3},"end":{"line":36,"column":4}},"9":{"start":{"line":33,"column":4},"end":{"line":33,"column":55}},"10":{"start":{"line":35,"column":4},"end":{"line":35,"column":55}},"11":{"start":{"line":37,"column":3},"end":{"line":39,"column":6}},"12":{"start":{"line":44,"column":2},"end":{"line":46,"column":5}},"13":{"start":{"line":50,"column":2},"end":{"line":67,"column":4}},"14":{"start":{"line":71,"column":0},"end":{"line":74,"column":2}}},"fnMap":{"0":{"name":"(anonymous_0)","decl":{"start":{"line":14,"column":1},"end":{"line":14,"column":2}},"loc":{"start":{"line":14,"column":15},"end":{"line":23,"column":2}},"line":14},"1":{"name":"(anonymous_1)","decl":{"start":{"line":25,"column":1},"end":{"line":25,"column":2}},"loc":{"start":{"line":25,"column":42},"end":{"line":41,"column":2}},"line":25},"2":{"name":"(anonymous_2)","decl":{"start":{"line":43,"column":1},"end":{"line":43,"column":2}},"loc":{"start":{"line":43,"column":26},"end":{"line":47,"column":2}},"line":43},"3":{"name":"(anonymous_3)","decl":{"start":{"line":49,"column":1},"end":{"line":49,"column":2}},"loc":{"start":{"line":49,"column":10},"end":{"line":68,"column":2}},"line":49}},"branchMap":{"0":{"loc":{"start":{"line":29,"column":2},"end":{"line":40,"column":3}},"type":"if","locations":[{"start":{"line":29,"column":2},"end":{"line":40,"column":3}},{"start":{"line":29,"column":2},"end":{"line":40,"column":3}}],"line":29},"1":{"loc":{"start":{"line":32,"column":3},"end":{"line":36,"column":4}},"type":"if","locations":[{"start":{"line":32,"column":3},"end":{"line":36,"column":4}},{"start":{"line":32,"column":3},"end":{"line":36,"column":4}}],"line":32}},"s":{"0":2,"1":6,"2":6,"3":6,"4":6,"5":4,"6":4,"7":3,"8":3,"9":2,"10":1,"11":3,"12":1,"13":1,"14":2},"f":{"0":6,"1":4,"2":1,"3":1},"b":{"0":[3,1],"1":[2,1]},"_coverageSchema":"332fd63041d2c1bcb487cc26dd0d5f7d97098a6c","hash":"a40f2cd0f487091b4ba2025499fbf1d2358faec1"}
,"C:\\Work\\Mentoring\\React\\Homework\\4_testing\\src\\scenes\\Result\\index.jsx": {"path":"C:\\Work\\Mentoring\\React\\Homework\\4_testing\\src\\scenes\\Result\\index.jsx","statementMap":{"0":{"start":{"line":8,"column":15},"end":{"line":8,"column":19}},"1":{"start":{"line":9,"column":2},"end":{"line":15,"column":3}},"2":{"start":{"line":10,"column":3},"end":{"line":14,"column":4}},"3":{"start":{"line":11,"column":4},"end":{"line":11,"column":45}},"4":{"start":{"line":13,"column":4},"end":{"line":13,"column":69}},"5":{"start":{"line":16,"column":2},"end":{"line":20,"column":4}},"6":{"start":{"line":24,"column":0},"end":{"line":26,"column":2}}},"fnMap":{"0":{"name":"(anonymous_0)","decl":{"start":{"line":7,"column":1},"end":{"line":7,"column":2}},"loc":{"start":{"line":7,"column":10},"end":{"line":21,"column":2}},"line":7}},"branchMap":{"0":{"loc":{"start":{"line":9,"column":2},"end":{"line":15,"column":3}},"type":"if","locations":[{"start":{"line":9,"column":2},"end":{"line":15,"column":3}},{"start":{"line":9,"column":2},"end":{"line":15,"column":3}}],"line":9},"1":{"loc":{"start":{"line":10,"column":3},"end":{"line":14,"column":4}},"type":"if","locations":[{"start":{"line":10,"column":3},"end":{"line":14,"column":4}},{"start":{"line":10,"column":3},"end":{"line":14,"column":4}}],"line":10}},"s":{"0":4,"1":4,"2":2,"3":1,"4":1,"5":4,"6":3},"f":{"0":4},"b":{"0":[2,2],"1":[1,1]},"_coverageSchema":"332fd63041d2c1bcb487cc26dd0d5f7d97098a6c","hash":"5c00573346651798c76de8cecb64e2394c6c7db9"}
,"C:\\Work\\Mentoring\\React\\Homework\\4_testing\\src\\scenes\\Result\\scenes\\List\\index.jsx": {"path":"C:\\Work\\Mentoring\\React\\Homework\\4_testing\\src\\scenes\\Result\\scenes\\List\\index.jsx","statementMap":{"0":{"start":{"line":7,"column":2},"end":{"line":19,"column":4}},"1":{"start":{"line":10,"column":5},"end":{"line":16,"column":7}},"2":{"start":{"line":23,"column":0},"end":{"line":25,"column":2}}},"fnMap":{"0":{"name":"(anonymous_0)","decl":{"start":{"line":6,"column":1},"end":{"line":6,"column":2}},"loc":{"start":{"line":6,"column":10},"end":{"line":20,"column":2}},"line":6},"1":{"name":"(anonymous_1)","decl":{"start":{"line":9,"column":25},"end":{"line":9,"column":26}},"loc":{"start":{"line":9,"column":33},"end":{"line":17,"column":5}},"line":9}},"branchMap":{},"s":{"0":2,"1":2,"2":4},"f":{"0":2,"1":2},"b":{},"_coverageSchema":"332fd63041d2c1bcb487cc26dd0d5f7d97098a6c","hash":"a134d8461bae0cfd2f2d78a107b608748911b122"}
,"C:\\Work\\Mentoring\\React\\Homework\\4_testing\\src\\scenes\\Search\\index.jsx": {"path":"C:\\Work\\Mentoring\\React\\Homework\\4_testing\\src\\scenes\\Search\\index.jsx","statementMap":{"0":{"start":{"line":8,"column":2},"end":{"line":8,"column":15}},"1":{"start":{"line":9,"column":2},"end":{"line":9,"column":33}},"2":{"start":{"line":13,"column":2},"end":{"line":20,"column":4}}},"fnMap":{"0":{"name":"(anonymous_0)","decl":{"start":{"line":7,"column":1},"end":{"line":7,"column":2}},"loc":{"start":{"line":7,"column":20},"end":{"line":10,"column":2}},"line":7},"1":{"name":"(anonymous_1)","decl":{"start":{"line":12,"column":1},"end":{"line":12,"column":2}},"loc":{"start":{"line":12,"column":10},"end":{"line":21,"column":2}},"line":12}},"branchMap":{},"s":{"0":1,"1":1,"2":1},"f":{"0":1,"1":1},"b":{},"_coverageSchema":"332fd63041d2c1bcb487cc26dd0d5f7d97098a6c","hash":"924c8f80289c5128905d3baac32b2cd304dc8be3"}
,"C:\\Work\\Mentoring\\React\\Homework\\4_testing\\src\\scenes\\Search\\scenes\\SearchButton\\index.jsx": {"path":"C:\\Work\\Mentoring\\React\\Homework\\4_testing\\src\\scenes\\Search\\scenes\\SearchButton\\index.jsx","statementMap":{"0":{"start":{"line":7,"column":2},"end":{"line":7,"column":15}},"1":{"start":{"line":8,"column":2},"end":{"line":8,"column":33}},"2":{"start":{"line":12,"column":2},"end":{"line":12,"column":57}},"3":{"start":{"line":16,"column":2},"end":{"line":24,"column":4}},"4":{"start":{"line":20,"column":6},"end":{"line":20,"column":91}},"5":{"start":{"line":20,"column":31},"end":{"line":20,"column":72}}},"fnMap":{"0":{"name":"(anonymous_0)","decl":{"start":{"line":6,"column":1},"end":{"line":6,"column":2}},"loc":{"start":{"line":6,"column":20},"end":{"line":9,"column":2}},"line":6},"1":{"name":"(anonymous_1)","decl":{"start":{"line":11,"column":1},"end":{"line":11,"column":2}},"loc":{"start":{"line":11,"column":37},"end":{"line":13,"column":2}},"line":11},"2":{"name":"(anonymous_2)","decl":{"start":{"line":15,"column":1},"end":{"line":15,"column":2}},"loc":{"start":{"line":15,"column":10},"end":{"line":25,"column":2}},"line":15},"3":{"name":"(anonymous_3)","decl":{"start":{"line":19,"column":6},"end":{"line":19,"column":7}},"loc":{"start":{"line":20,"column":6},"end":{"line":20,"column":91}},"line":20},"4":{"name":"(anonymous_4)","decl":{"start":{"line":20,"column":23},"end":{"line":20,"column":24}},"loc":{"start":{"line":20,"column":29},"end":{"line":20,"column":74}},"line":20}},"branchMap":{},"s":{"0":1,"1":1,"2":0,"3":1,"4":1,"5":0},"f":{"0":1,"1":0,"2":1,"3":1,"4":0},"b":{},"_coverageSchema":"332fd63041d2c1bcb487cc26dd0d5f7d97098a6c","hash":"5cd560a1e8b7fdd26bfbe3b6e86425e043c1df17"}
,"C:\\Work\\Mentoring\\React\\Homework\\4_testing\\src\\scenes\\Search\\scenes\\SearchBy\\index.jsx": {"path":"C:\\Work\\Mentoring\\React\\Homework\\4_testing\\src\\scenes\\Search\\scenes\\SearchBy\\index.jsx","statementMap":{"0":{"start":{"line":7,"column":2},"end":{"line":7,"column":27}},"1":{"start":{"line":11,"column":2},"end":{"line":23,"column":4}},"2":{"start":{"line":16,"column":6},"end":{"line":19,"column":13}},"3":{"start":{"line":17,"column":89},"end":{"line":17,"column":144}},"4":{"start":{"line":18,"column":89},"end":{"line":18,"column":144}}},"fnMap":{"0":{"name":"(anonymous_0)","decl":{"start":{"line":6,"column":1},"end":{"line":6,"column":2}},"loc":{"start":{"line":6,"column":45},"end":{"line":8,"column":2}},"line":6},"1":{"name":"(anonymous_1)","decl":{"start":{"line":10,"column":1},"end":{"line":10,"column":2}},"loc":{"start":{"line":10,"column":10},"end":{"line":24,"column":2}},"line":10},"2":{"name":"(anonymous_2)","decl":{"start":{"line":15,"column":6},"end":{"line":15,"column":7}},"loc":{"start":{"line":16,"column":6},"end":{"line":19,"column":13}},"line":16},"3":{"name":"(anonymous_3)","decl":{"start":{"line":17,"column":83},"end":{"line":17,"column":84}},"loc":{"start":{"line":17,"column":89},"end":{"line":17,"column":144}},"line":17},"4":{"name":"(anonymous_4)","decl":{"start":{"line":18,"column":83},"end":{"line":18,"column":84}},"loc":{"start":{"line":18,"column":89},"end":{"line":18,"column":144}},"line":18}},"branchMap":{"0":{"loc":{"start":{"line":17,"column":26},"end":{"line":17,"column":72}},"type":"cond-expr","locations":[{"start":{"line":17,"column":57},"end":{"line":17,"column":67}},{"start":{"line":17,"column":70},"end":{"line":17,"column":72}}],"line":17},"1":{"loc":{"start":{"line":18,"column":26},"end":{"line":18,"column":72}},"type":"cond-expr","locations":[{"start":{"line":18,"column":57},"end":{"line":18,"column":67}},{"start":{"line":18,"column":70},"end":{"line":18,"column":72}}],"line":18}},"s":{"0":2,"1":1,"2":1,"3":0,"4":0},"f":{"0":2,"1":1,"2":1,"3":0,"4":0},"b":{"0":[1,0],"1":[0,1]},"_coverageSchema":"332fd63041d2c1bcb487cc26dd0d5f7d97098a6c","hash":"7ad3e76738438911dd5ac3a90a88d174f43d9030"}
,"C:\\Work\\Mentoring\\React\\Homework\\4_testing\\src\\scenes\\Status\\index.jsx": {"path":"C:\\Work\\Mentoring\\React\\Homework\\4_testing\\src\\scenes\\Status\\index.jsx","statementMap":{"0":{"start":{"line":7,"column":13},"end":{"line":7,"column":28}},"1":{"start":{"line":10,"column":2},"end":{"line":14,"column":3}},"2":{"start":{"line":11,"column":3},"end":{"line":11,"column":45}},"3":{"start":{"line":13,"column":3},"end":{"line":13,"column":18}},"4":{"start":{"line":16,"column":2},"end":{"line":25,"column":4}},"5":{"start":{"line":29,"column":0},"end":{"line":31,"column":2}}},"fnMap":{"0":{"name":"(anonymous_0)","decl":{"start":{"line":6,"column":1},"end":{"line":6,"column":2}},"loc":{"start":{"line":6,"column":10},"end":{"line":26,"column":2}},"line":6}},"branchMap":{"0":{"loc":{"start":{"line":10,"column":2},"end":{"line":14,"column":3}},"type":"if","locations":[{"start":{"line":10,"column":2},"end":{"line":14,"column":3}},{"start":{"line":10,"column":2},"end":{"line":14,"column":3}}],"line":10}},"s":{"0":3,"1":3,"2":1,"3":2,"4":3,"5":3},"f":{"0":3},"b":{"0":[1,2]},"_coverageSchema":"332fd63041d2c1bcb487cc26dd0d5f7d97098a6c","hash":"28feb740dbb87113302dab77d860a63498612eab"}
,"C:\\Work\\Mentoring\\React\\Homework\\4_testing\\src\\services\\index.js": {"path":"C:\\Work\\Mentoring\\React\\Homework\\4_testing\\src\\services\\index.js","statementMap":{"0":{"start":{"line":3,"column":2},"end":{"line":40,"column":4}},"1":{"start":{"line":44,"column":2},"end":{"line":44,"column":12}}},"fnMap":{"0":{"name":"(anonymous_0)","decl":{"start":{"line":2,"column":1},"end":{"line":2,"column":2}},"loc":{"start":{"line":2,"column":33},"end":{"line":41,"column":2}},"line":2},"1":{"name":"(anonymous_1)","decl":{"start":{"line":43,"column":1},"end":{"line":43,"column":2}},"loc":{"start":{"line":43,"column":33},"end":{"line":45,"column":2}},"line":43}},"branchMap":{},"s":{"0":3,"1":2},"f":{"0":3,"1":2},"b":{},"_coverageSchema":"332fd63041d2c1bcb487cc26dd0d5f7d97098a6c","hash":"1f097f752a7c9bea9e0a37b43823e3f77f31ee80"}
}
