TN:
SF:C:\Work\Mentoring\React\Homework\4_testing\src\components\ErrorBoundary\index.jsx
FN:4,(anonymous_0)
FN:9,(anonymous_1)
FN:16,(anonymous_2)
FNF:3
FNH:3
FNDA:4,(anonymous_0)
FNDA:1,(anonymous_1)
FNDA:3,(anonymous_2)
DA:5,4
DA:6,4
DA:10,1
DA:17,3
DA:18,1
DA:30,2
LF:6
LH:6
BRDA:17,0,0,1
BRDA:17,0,1,2
BRDA:22,1,0,1
BRDA:22,1,1,0
BRF:4
BRH:3
end_of_record
TN:
SF:C:\Work\Mentoring\React\Homework\4_testing\src\scenes\App\index.js
FN:14,(anonymous_0)
FN:25,(anonymous_1)
FN:43,(anonymous_2)
FN:49,(anonymous_3)
FNF:4
FNH:4
FNDA:6,(anonymous_0)
FNDA:4,(anonymous_1)
FNDA:1,(anonymous_2)
FNDA:1,(anonymous_3)
DA:9,2
DA:15,6
DA:16,6
DA:21,6
DA:22,6
DA:26,4
DA:29,4
DA:30,3
DA:32,3
DA:33,2
DA:35,1
DA:37,3
DA:44,1
DA:50,1
DA:71,2
LF:15
LH:15
BRDA:29,0,0,3
BRDA:29,0,1,1
BRDA:32,1,0,2
BRDA:32,1,1,1
BRF:4
BRH:4
end_of_record
TN:
SF:C:\Work\Mentoring\React\Homework\4_testing\src\scenes\Result\index.jsx
FN:7,(anonymous_0)
FNF:1
FNH:1
FNDA:4,(anonymous_0)
DA:8,4
DA:9,4
DA:10,2
DA:11,1
DA:13,1
DA:16,4
DA:24,3
LF:7
LH:7
BRDA:9,0,0,2
BRDA:9,0,1,2
BRDA:10,1,0,1
BRDA:10,1,1,1
BRF:4
BRH:4
end_of_record
TN:
SF:C:\Work\Mentoring\React\Homework\4_testing\src\scenes\Result\scenes\List\index.jsx
FN:6,(anonymous_0)
FN:9,(anonymous_1)
FNF:2
FNH:2
FNDA:2,(anonymous_0)
FNDA:2,(anonymous_1)
DA:7,2
DA:10,2
DA:23,4
LF:3
LH:3
BRF:0
BRH:0
end_of_record
TN:
SF:C:\Work\Mentoring\React\Homework\4_testing\src\scenes\Search\index.jsx
FN:7,(anonymous_0)
FN:12,(anonymous_1)
FNF:2
FNH:2
FNDA:1,(anonymous_0)
FNDA:1,(anonymous_1)
DA:8,1
DA:9,1
DA:13,1
LF:3
LH:3
BRF:0
BRH:0
end_of_record
TN:
SF:C:\Work\Mentoring\React\Homework\4_testing\src\scenes\Search\scenes\SearchButton\index.jsx
FN:6,(anonymous_0)
FN:11,(anonymous_1)
FN:15,(anonymous_2)
FN:19,(anonymous_3)
FN:20,(anonymous_4)
FNF:5
FNH:3
FNDA:1,(anonymous_0)
FNDA:0,(anonymous_1)
FNDA:1,(anonymous_2)
FNDA:1,(anonymous_3)
FNDA:0,(anonymous_4)
DA:7,1
DA:8,1
DA:12,0
DA:16,1
DA:20,1
LF:5
LH:4
BRF:0
BRH:0
end_of_record
TN:
SF:C:\Work\Mentoring\React\Homework\4_testing\src\scenes\Search\scenes\SearchBy\index.jsx
FN:6,(anonymous_0)
FN:10,(anonymous_1)
FN:15,(anonymous_2)
FN:17,(anonymous_3)
FN:18,(anonymous_4)
FNF:5
FNH:3
FNDA:2,(anonymous_0)
FNDA:1,(anonymous_1)
FNDA:1,(anonymous_2)
FNDA:0,(anonymous_3)
FNDA:0,(anonymous_4)
DA:7,2
DA:11,1
DA:16,1
DA:17,0
DA:18,0
LF:5
LH:3
BRDA:17,0,0,1
BRDA:17,0,1,0
BRDA:18,1,0,0
BRDA:18,1,1,1
BRF:4
BRH:2
end_of_record
TN:
SF:C:\Work\Mentoring\React\Homework\4_testing\src\scenes\Status\index.jsx
FN:6,(anonymous_0)
FNF:1
FNH:1
FNDA:3,(anonymous_0)
DA:7,3
DA:10,3
DA:11,1
DA:13,2
DA:16,3
DA:29,3
LF:6
LH:6
BRDA:10,0,0,1
BRDA:10,0,1,2
BRF:2
BRH:2
end_of_record
TN:
SF:C:\Work\Mentoring\React\Homework\4_testing\src\services\index.js
FN:2,(anonymous_0)
FN:43,(anonymous_1)
FNF:2
FNH:2
FNDA:3,(anonymous_0)
FNDA:2,(anonymous_1)
DA:3,3
DA:44,2
LF:2
LH:2
BRF:0
BRH:0
end_of_record
